<?xml version="1.0" encoding="UTF-8"?>
<!-- Generated by org.testng.reporters.JUnitXMLReporter -->
<testsuite hostname="Laptop090917A" ignored="4" name="Practice Grouping" tests="3" failures="0" timestamp="03 Mar 2020 15:15:05 GMT" time="0.053" errors="0">
  <testcase name="TestGroupA1" time="0.014" classname="tests.facebook.MercuryTestsSupportPage"/>
  <testcase name="TestGroupA2" time="0.001" classname="tests.facebook.MercuryTestsSupportPage"/>
  <testcase name="TestGroupC" time="0.003" classname="tests.facebook.MercuryTestsSupportPage"/>
  <testcase name="testSupportPage" time="0.0" classname="tests.facebook.MercuryTestsSupportPage">
    <ignored/>
  </testcase> <!-- testSupportPage -->
  <testcase name="TestGroupB2" time="0.0" classname="tests.facebook.MercuryTestsSupportPage">
    <ignored/>
  </testcase> <!-- TestGroupB2 -->
  <testcase name="TestGroupB1" time="0.0" classname="tests.facebook.MercuryTestsSupportPage">
    <ignored/>
  </testcase> <!-- TestGroupB1 -->
  <testcase name="verifyBackToHome" time="0.0" classname="tests.facebook.MercuryTestsSupportPage">
    <ignored/>
  </testcase> <!-- verifyBackToHome -->
</testsuite> <!-- Practice Grouping -->
