<?xml version="1.0" encoding="UTF-8"?>
<testng-results skipped="0" failed="0" ignored="0" total="1" passed="1">
  <reporter-output>
    <line>
      <![CDATA[Luanching the URL:=http://newtours.demoaut.com/]]>
    </line>
    <line>
      <![CDATA[Click on element with locator:=By.xpath: //a[contains(text(),'REGISTER')]]]>
    </line>
    <line>
      <![CDATA[Entering value:=MercuryF in the element with locator:=By.name: firstName]]>
    </line>
    <line>
      <![CDATA[Entering value:=MercuryL in the element with locator:=By.name: lastName]]>
    </line>
    <line>
      <![CDATA[Entering value:=876-876-2345 in the element with locator:=By.name: phone]]>
    </line>
    <line>
      <![CDATA[Entering value:=Mercury1@yopmail.com in the element with locator:=By.name: userName]]>
    </line>
    <line>
      <![CDATA[Entering value:=Somajiguda in the element with locator:=By.name: address1]]>
    </line>
    <line>
      <![CDATA[Entering value:=Hyderabad in the element with locator:=By.name: lastName]]>
    </line>
    <line>
      <![CDATA[Entering value:=Telengana in the element with locator:=By.name: phone]]>
    </line>
    <line>
      <![CDATA[Entering value:=500050 in the element with locator:=By.name: userName]]>
    </line>
    <line>
      <![CDATA[Entering value:=Mercury1 in the element with locator:=By.name: email]]>
    </line>
    <line>
      <![CDATA[Entering value:=Mercury1@3 in the element with locator:=By.name: password]]>
    </line>
    <line>
      <![CDATA[Entering value:=Mercury1@3 in the element with locator:=By.name: confirmPassword]]>
    </line>
    <line>
      <![CDATA[Click on element with locator:=By.name: register]]>
    </line>
    <line>
      <![CDATA[Element exists: By.xpath: //font[contains(text(),'Thank you for registering.')]]]>
    </line>
    <line>
      <![CDATA[Element exists: By.xpath: //b[contains(text(),'Note: Your user name is')]]]>
    </line>
    <line>
      <![CDATA[Get text is: By.xpath: //table//td[2]//table//tr[4]//table//tr[3]]]>
    </line>
  </reporter-output>
  <suite name="Default suite" duration-ms="21561" started-at="2020-04-08T09:20:53Z" finished-at="2020-04-08T09:21:15Z">
    <groups>
    </groups>
    <test name="Default test" duration-ms="21561" started-at="2020-04-08T09:20:53Z" finished-at="2020-04-08T09:21:15Z">
      <class name="tests.facebook.MercuryTestsRegisterPage">
        <test-method status="PASS" signature="initialize()[pri:0, instance:tests.facebook.MercuryTestsRegisterPage@482f8f11]" name="initialize" is-config="true" duration-ms="10799" started-at="2020-04-08T09:20:53Z" finished-at="2020-04-08T09:21:04Z">
          <reporter-output>
            <line>
              <![CDATA[Luanching the URL:=http://newtours.demoaut.com/]]>
            </line>
          </reporter-output>
        </test-method> <!-- initialize -->
        <test-method status="PASS" signature="RegisterUserTest()[pri:0, instance:tests.facebook.MercuryTestsRegisterPage@482f8f11]" name="RegisterUserTest" duration-ms="9557" started-at="2020-04-08T09:21:04Z" finished-at="2020-04-08T09:21:14Z">
          <reporter-output>
            <line>
              <![CDATA[Click on element with locator:=By.xpath: //a[contains(text(),'REGISTER')]]]>
            </line>
            <line>
              <![CDATA[Entering value:=MercuryF in the element with locator:=By.name: firstName]]>
            </line>
            <line>
              <![CDATA[Entering value:=MercuryL in the element with locator:=By.name: lastName]]>
            </line>
            <line>
              <![CDATA[Entering value:=876-876-2345 in the element with locator:=By.name: phone]]>
            </line>
            <line>
              <![CDATA[Entering value:=Mercury1@yopmail.com in the element with locator:=By.name: userName]]>
            </line>
            <line>
              <![CDATA[Entering value:=Somajiguda in the element with locator:=By.name: address1]]>
            </line>
            <line>
              <![CDATA[Entering value:=Hyderabad in the element with locator:=By.name: lastName]]>
            </line>
            <line>
              <![CDATA[Entering value:=Telengana in the element with locator:=By.name: phone]]>
            </line>
            <line>
              <![CDATA[Entering value:=500050 in the element with locator:=By.name: userName]]>
            </line>
            <line>
              <![CDATA[Entering value:=Mercury1 in the element with locator:=By.name: email]]>
            </line>
            <line>
              <![CDATA[Entering value:=Mercury1@3 in the element with locator:=By.name: password]]>
            </line>
            <line>
              <![CDATA[Entering value:=Mercury1@3 in the element with locator:=By.name: confirmPassword]]>
            </line>
            <line>
              <![CDATA[Click on element with locator:=By.name: register]]>
            </line>
            <line>
              <![CDATA[Element exists: By.xpath: //font[contains(text(),'Thank you for registering.')]]]>
            </line>
            <line>
              <![CDATA[Element exists: By.xpath: //b[contains(text(),'Note: Your user name is')]]]>
            </line>
            <line>
              <![CDATA[Get text is: By.xpath: //table//td[2]//table//tr[4]//table//tr[3]]]>
            </line>
          </reporter-output>
        </test-method> <!-- RegisterUserTest -->
        <test-method status="PASS" signature="finish()[pri:0, instance:tests.facebook.MercuryTestsRegisterPage@482f8f11]" name="finish" is-config="true" duration-ms="1173" started-at="2020-04-08T09:21:14Z" finished-at="2020-04-08T09:21:15Z">
          <reporter-output>
          </reporter-output>
        </test-method> <!-- finish -->
      </class> <!-- tests.facebook.MercuryTestsRegisterPage -->
    </test> <!-- Default test -->
  </suite> <!-- Default suite -->
</testng-results>
